
DTXMania powered by YAMAHA Silent Session Drums
Release: 0.5.4.0

2023/01/13 17:55:04.789 [INFO] ----------------------
2023/01/13 17:55:04.790 [INFO] ■ アプリケーションの初期化
2023/01/13 17:55:04.790 [INFO] OS Version: Microsoft Windows NT 6.2.9200.0
2023/01/13 17:55:04.790 [INFO] ProcessorCount: 4
2023/01/13 17:55:04.790 [INFO] CLR Version: 4.0.30319.42000
2023/01/13 17:55:04.942 [INFO] スキンの初期化を行います。
2023/01/13 17:55:04.957 [INFO]     SkinPath検出: C:\Users\Windows\Downloads\OpenTaiko-0.5.4\OpenTaiko-0.5.4\System\SimpleStyle\
2023/01/13 17:55:04.957 [INFO]     SkinPath入力: C:\Users\Windows\Downloads\OpenTaiko-0.5.4\OpenTaiko-0.5.4\System\SimpleStyle\
2023/01/13 17:55:04.959 [INFO]     SkinPath設定: C:\Users\Windows\Downloads\OpenTaiko-0.5.4\OpenTaiko-0.5.4\System\SimpleStyle\
2023/01/13 17:55:04.961 [INFO]     システムサウンドを読み込みました。(Sounds\Move.ogg)
2023/01/13 17:55:04.961 [INFO]     システムサウンドを読み込みました。(Sounds\Decide.ogg)
2023/01/13 17:55:04.961 [INFO]     システムサウンドを読み込みました。(Sounds\Change.ogg)
2023/01/13 17:55:04.961 [INFO]     システムサウンドを読み込みました。(Sounds\Cancel.ogg)
2023/01/13 17:55:04.961 [WARNING]     ファイルが存在しません。: Sounds\Audience.ogg
2023/01/13 17:55:04.961 [INFO]     システムサウンドを読み込みました。(Sounds\Audience.ogg)
2023/01/13 17:55:04.962 [WARNING]     ファイルが存在しません。: Sounds\Game start.ogg
2023/01/13 17:55:04.962 [INFO]     システムサウンドを読み込みました。(Sounds\Game start.ogg)
2023/01/13 17:55:04.962 [INFO]     システムサウンドを読み込みました。(Sounds\Full combo.ogg)
2023/01/13 17:55:04.962 [INFO]     システムサウンドを読み込みました。(Sounds\BGM\Title.ogg)
2023/01/13 17:55:04.962 [INFO]     システムサウンドを読み込みました。(Sounds\BGM\SongSelect.ogg)
2023/01/13 17:55:04.962 [INFO]     システムサウンドを読み込みました。(Sounds\balloon.ogg)
2023/01/13 17:55:04.963 [INFO]     システムサウンドを読み込みました。(Sounds\SongDecide.ogg)
2023/01/13 17:55:04.963 [INFO]     システムサウンドを読み込みました。(Sounds\BGM\Result_In.ogg)
2023/01/13 17:55:04.963 [WARNING]     ファイルが存在しません。: Sounds\Resume.ogg
2023/01/13 17:55:04.963 [INFO]     システムサウンドを読み込みました。(Sounds\Resume.ogg)
2023/01/13 17:55:04.963 [INFO]     システムサウンドを読み込みました。(Sounds\Pause.ogg)
2023/01/13 17:55:04.963 [INFO]     システムサウンドを読み込みました。(Sounds\Scroll.ogg)
2023/01/13 17:55:04.964 [INFO]     システムサウンドを読み込みました。(Sounds\Jump Point.ogg)
2023/01/13 17:55:04.964 [INFO]     システムサウンドを読み込みました。(Sounds\Traning Skip.ogg)
2023/01/13 17:55:05.009 [INFO]     スキンの初期化を完了しました。
2023/01/13 17:55:05.009 [INFO] タイマの初期化を行います。
2023/01/13 17:55:05.013 [INFO]     タイマの初期化を完了しました。
2023/01/13 17:55:05.013 [INFO] FPSカウンタの初期化を行います。
2023/01/13 17:55:05.014 [INFO]     FPSカウンタを生成しました。
2023/01/13 17:55:05.014 [INFO] 文字コンソールの初期化を行います。
2023/01/13 17:55:05.014 [INFO]     文字コンソールを生成しました。
2023/01/13 17:55:05.042 [INFO]     文字コンソールを活性化しました。
2023/01/13 17:55:05.043 [INFO]     文字コンソールの初期化を完了しました。
2023/01/13 17:55:05.043 [INFO] DirectInput, MIDI入力の初期化を行います。
2023/01/13 17:55:05.073 [INFO]     Keyboard を生成しました。
2023/01/13 17:55:05.082 [INFO]     Mouse を生成しました。
2023/01/13 17:55:05.128 [INFO]     MIDI入力デバイス数: 0
2023/01/13 17:55:05.128 [INFO]     DirectInput の初期化を完了しました。
2023/01/13 17:55:05.128 [INFO] パッドの初期化を行います。
2023/01/13 17:55:05.129 [INFO]     パッドの初期化を完了しました。
2023/01/13 17:55:05.129 [INFO] サウンドデバイスの初期化を行います。
2023/01/13 17:55:05.135 [INFO]     BASS (WASAPI) の初期化を開始します。
2023/01/13 17:55:05.410 [INFO]     BASS を初期化しました。(WASAPI共有モード, 100ms, 更新間隔10ms)
2023/01/13 17:55:05.415 [INFO]     BASS_CONFIG_UpdatePeriod=0
2023/01/13 17:55:05.415 [INFO]     BASS_CONFIG_UpdateThreads=0
2023/01/13 17:55:05.415 [INFO]     Initializing loudness scanning, song gain control, and sound group level control...
2023/01/13 17:55:05.420 [INFO]         LoudnessMetadataScanner.StartBackgroundScanning: BS1770GAIN is not available. A background scanning thread will not be started.
2023/01/13 17:55:05.428 [INFO]     Initialized loudness scanning, song gain control, and sound group level control.
2023/01/13 17:55:05.431 [INFO]     サウンドデバイスの初期化を完了しました。
2023/01/13 17:55:05.431 [INFO] 曲リストの初期化を行います。
2023/01/13 17:55:05.433 [INFO]     曲リストの初期化を完了しました。
2023/01/13 17:55:05.536 [INFO] プラグインの検索と生成を行います。
2023/01/13 17:55:05.537 [WARNING]     プラグインフォルダが存在しません。(C:\Users\Windows\Downloads\OpenTaiko-0.5.4\OpenTaiko-0.5.4\Plugins\)
2023/01/13 17:55:05.537 [INFO]     プラグインの検索と生成を完了しました。
2023/01/13 17:55:05.543 [INFO] アプリケーションの初期化を完了しました。
2023/01/13 17:55:05.543 [INFO] ----------------------
2023/01/13 17:55:05.543 [INFO] ■ 起動
2023/01/13 17:55:05.543 [INFO] 起動ステージを活性化します。
2023/01/13 17:55:05.605 [INFO]     起動ステージの活性化を完了しました。
2023/01/13 17:55:05.641 [INFO] 0) システムサウンドを構築します。
2023/01/13 17:55:05.641 [WARNING]     ファイルが存在しません。: Sounds\Setup BGM.ogg
2023/01/13 17:55:05.654 [INFO]     システムサウンドを読み込みました。(Sounds\Move.ogg)
2023/01/13 17:55:05.657 [INFO]     システムサウンドを読み込みました。(Sounds\Decide.ogg)
2023/01/13 17:55:05.661 [INFO]     システムサウンドを読み込みました。(Sounds\Change.ogg)
2023/01/13 17:55:05.664 [INFO]     システムサウンドを読み込みました。(Sounds\Cancel.ogg)
2023/01/13 17:55:05.664 [WARNING]     ファイルが存在しません。: Sounds\Audience.ogg
2023/01/13 17:55:05.665 [INFO]     システムサウンドを読み込みました。(Sounds\Audience.ogg)
2023/01/13 17:55:05.665 [WARNING]     ファイルが存在しません。: Sounds\Game start.ogg
2023/01/13 17:55:05.665 [INFO]     システムサウンドを読み込みました。(Sounds\Game start.ogg)
2023/01/13 17:55:05.669 [INFO]     システムサウンドを読み込みました。(Sounds\Full combo.ogg)
2023/01/13 17:55:05.670 [INFO]     CSound.GroupLevel set: 90
2023/01/13 17:55:05.671 [INFO]     CSound.SetVolume: Gain:0. Automation Level: 0. Group Level: -0.915149811213502. Summed Gain: -0.915149811213502. Safe True Peak Gain: 0. Final Gain: -0.915149811213502.
2023/01/13 17:55:05.673 [INFO]     CSound.GroupLevel set: 90
2023/01/13 17:55:05.673 [INFO]     CSound.SetVolume: Gain:0. Automation Level: 0. Group Level: -0.915149811213502. Summed Gain: -0.915149811213502. Safe True Peak Gain: 0. Final Gain: -0.915149811213502.
2023/01/13 17:55:05.673 [INFO]     システムサウンドを読み込みました。(Sounds\BGM\Title.ogg)
2023/01/13 17:55:05.675 [INFO]     CSound.GroupLevel set: 90
2023/01/13 17:55:05.675 [INFO]     CSound.SetVolume: Gain:0. Automation Level: 0. Group Level: -0.915149811213502. Summed Gain: -0.915149811213502. Safe True Peak Gain: 0. Final Gain: -0.915149811213502.
2023/01/13 17:55:05.676 [INFO]     CSound.GroupLevel set: 90
2023/01/13 17:55:05.677 [INFO]     CSound.SetVolume: Gain:0. Automation Level: 0. Group Level: -0.915149811213502. Summed Gain: -0.915149811213502. Safe True Peak Gain: 0. Final Gain: -0.915149811213502.
2023/01/13 17:55:05.677 [INFO]     システムサウンドを読み込みました。(Sounds\BGM\SongSelect.ogg)
2023/01/13 17:55:05.680 [INFO]     システムサウンドを読み込みました。(Sounds\balloon.ogg)
2023/01/13 17:55:05.683 [INFO]     システムサウンドを読み込みました。(Sounds\SongDecide.ogg)
2023/01/13 17:55:05.685 [INFO]     CSound.GroupLevel set: 90
2023/01/13 17:55:05.685 [INFO]     CSound.SetVolume: Gain:0. Automation Level: 0. Group Level: -0.915149811213502. Summed Gain: -0.915149811213502. Safe True Peak Gain: 0. Final Gain: -0.915149811213502.
2023/01/13 17:55:05.687 [INFO]     CSound.GroupLevel set: 90
2023/01/13 17:55:05.687 [INFO]     CSound.SetVolume: Gain:0. Automation Level: 0. Group Level: -0.915149811213502. Summed Gain: -0.915149811213502. Safe True Peak Gain: 0. Final Gain: -0.915149811213502.
2023/01/13 17:55:05.687 [INFO]     システムサウンドを読み込みました。(Sounds\BGM\Result_In.ogg)
2023/01/13 17:55:05.687 [WARNING]     ファイルが存在しません。: Sounds\Resume.ogg
2023/01/13 17:55:05.687 [INFO]     システムサウンドを読み込みました。(Sounds\Resume.ogg)
2023/01/13 17:55:05.690 [INFO]     システムサウンドを読み込みました。(Sounds\Pause.ogg)
2023/01/13 17:55:05.694 [INFO]     システムサウンドを読み込みました。(Sounds\Scroll.ogg)
2023/01/13 17:55:05.697 [INFO]     システムサウンドを読み込みました。(Sounds\Jump Point.ogg)
2023/01/13 17:55:05.700 [INFO]     システムサウンドを読み込みました。(Sounds\Traning Skip.ogg)
2023/01/13 17:55:05.701 [INFO] 1) songlist.dbを読み込みます。
2023/01/13 17:55:05.701 [INFO]     songlist.db の読み込みを完了しました。[0スコア]
2023/01/13 17:55:05.702 [INFO] 起動所要時間: 00:00:00.0596407
2023/01/13 17:55:05.738 [WARNING] テクスチャファイルが見つかりませんでした。(C:\Users\Windows\Downloads\OpenTaiko-0.5.4\OpenTaiko-0.5.4\System\SimpleStyle\Graphics\Overlay.png)
2023/01/13 17:55:05.767 [WARNING] テクスチャファイルが見つかりませんでした。(C:\Users\Windows\Downloads\OpenTaiko-0.5.4\OpenTaiko-0.5.4\System\SimpleStyle\Graphics\1P_NamePlate.png)
2023/01/13 17:55:05.767 [WARNING] テクスチャファイルが見つかりませんでした。(C:\Users\Windows\Downloads\OpenTaiko-0.5.4\OpenTaiko-0.5.4\System\SimpleStyle\Graphics\2P_NamePlate.png)
2023/01/13 17:55:05.770 [WARNING] テクスチャファイルが見つかりませんでした。(C:\Users\Windows\Downloads\OpenTaiko-0.5.4\OpenTaiko-0.5.4\System\SimpleStyle\Graphics\9_NamePlateEffect\Title\0\Big.png)
2023/01/13 17:55:05.770 [WARNING] テクスチャファイルが見つかりませんでした。(C:\Users\Windows\Downloads\OpenTaiko-0.5.4\OpenTaiko-0.5.4\System\SimpleStyle\Graphics\9_NamePlateEffect\Title\0\Small.png)
2023/01/13 17:55:05.781 [WARNING] テクスチャファイルが見つかりませんでした。(C:\Users\Windows\Downloads\OpenTaiko-0.5.4\OpenTaiko-0.5.4\System\SimpleStyle\Graphics\9_NamePlateEffect\Title\7\Big.png)
2023/01/13 17:55:05.782 [WARNING] テクスチャファイルが見つかりませんでした。(C:\Users\Windows\Downloads\OpenTaiko-0.5.4\OpenTaiko-0.5.4\System\SimpleStyle\Graphics\9_NamePlateEffect\Title\7\Small.png)
2023/01/13 17:55:06.149 [WARNING] テクスチャファイルが見つかりませんでした。(C:\Users\Windows\Downloads\OpenTaiko-0.5.4\OpenTaiko-0.5.4\System\SimpleStyle\Graphics\1_Title\ModeSelect_Bar_Chara_13.png)
2023/01/13 17:55:06.325 [WARNING] テクスチャファイルが見つかりませんでした。(C:\Users\Windows\Downloads\OpenTaiko-0.5.4\OpenTaiko-0.5.4\System\SimpleStyle\Graphics\3_SongSelect\Level.png)
2023/01/13 17:55:06.326 [WARNING] テクスチャファイルが見つかりませんでした。(C:\Users\Windows\Downloads\OpenTaiko-0.5.4\OpenTaiko-0.5.4\System\SimpleStyle\Graphics\3_SongSelect\Bar_Center.png)
2023/01/13 17:55:06.341 [WARNING] テクスチャファイルが見つかりませんでした。(C:\Users\Windows\Downloads\OpenTaiko-0.5.4\OpenTaiko-0.5.4\System\SimpleStyle\Graphics\3_SongSelect\Frame_Box.png)
2023/01/13 17:55:06.341 [WARNING] テクスチャファイルが見つかりませんでした。(C:\Users\Windows\Downloads\OpenTaiko-0.5.4\OpenTaiko-0.5.4\System\SimpleStyle\Graphics\3_SongSelect\Frame_BackBox.png)
2023/01/13 17:55:06.341 [WARNING] テクスチャファイルが見つかりませんでした。(C:\Users\Windows\Downloads\OpenTaiko-0.5.4\OpenTaiko-0.5.4\System\SimpleStyle\Graphics\3_SongSelect\Frame_Random.png)
2023/01/13 17:55:06.345 [WARNING] テクスチャファイルが見つかりませんでした。(C:\Users\Windows\Downloads\OpenTaiko-0.5.4\OpenTaiko-0.5.4\System\SimpleStyle\Graphics\3_SongSelect\Bar_Genre_RecentryPlaySong.png)
2023/01/13 17:55:06.422 [WARNING] テクスチャファイルが見つかりませんでした。(C:\Users\Windows\Downloads\OpenTaiko-0.5.4\OpenTaiko-0.5.4\System\SimpleStyle\Graphics\3_SongSelect\ScoreWindow_0.png)
2023/01/13 17:55:06.422 [WARNING] テクスチャファイルが見つかりませんでした。(C:\Users\Windows\Downloads\OpenTaiko-0.5.4\OpenTaiko-0.5.4\System\SimpleStyle\Graphics\3_SongSelect\ScoreWindow_1.png)
2023/01/13 17:55:06.422 [WARNING] テクスチャファイルが見つかりませんでした。(C:\Users\Windows\Downloads\OpenTaiko-0.5.4\OpenTaiko-0.5.4\System\SimpleStyle\Graphics\3_SongSelect\ScoreWindow_2.png)
2023/01/13 17:55:06.422 [WARNING] テクスチャファイルが見つかりませんでした。(C:\Users\Windows\Downloads\OpenTaiko-0.5.4\OpenTaiko-0.5.4\System\SimpleStyle\Graphics\3_SongSelect\ScoreWindow_3.png)
2023/01/13 17:55:06.424 [WARNING] テクスチャファイルが見つかりませんでした。(C:\Users\Windows\Downloads\OpenTaiko-0.5.4\OpenTaiko-0.5.4\System\SimpleStyle\Graphics\3_SongSelect\ScoreWindow_4.png)
2023/01/13 17:55:06.424 [WARNING] テクスチャファイルが見つかりませんでした。(C:\Users\Windows\Downloads\OpenTaiko-0.5.4\OpenTaiko-0.5.4\System\SimpleStyle\Graphics\3_SongSelect\ScoreWindow_5.png)
2023/01/13 17:55:06.424 [WARNING] テクスチャファイルが見つかりませんでした。(C:\Users\Windows\Downloads\OpenTaiko-0.5.4\OpenTaiko-0.5.4\System\SimpleStyle\Graphics\3_SongSelect\ScoreWindow_6.png)
2023/01/13 17:55:06.424 [WARNING] テクスチャファイルが見つかりませんでした。(C:\Users\Windows\Downloads\OpenTaiko-0.5.4\OpenTaiko-0.5.4\System\SimpleStyle\Graphics\3_SongSelect\ScoreWindow_Text.png)
2023/01/13 17:55:08.474 [WARNING] テクスチャファイルが見つかりませんでした。(C:\Users\Windows\Downloads\OpenTaiko-0.5.4\OpenTaiko-0.5.4\System\SimpleStyle\Graphics\5_Game\6_Taiko\1P_PlayerNumber.png)
2023/01/13 17:55:08.474 [WARNING] テクスチャファイルが見つかりませんでした。(C:\Users\Windows\Downloads\OpenTaiko-0.5.4\OpenTaiko-0.5.4\System\SimpleStyle\Graphics\5_Game\6_Taiko\2P_PlayerNumber.png)
2023/01/13 17:55:08.487 [WARNING] テクスチャファイルが見つかりませんでした。(C:\Users\Windows\Downloads\OpenTaiko-0.5.4\OpenTaiko-0.5.4\System\SimpleStyle\Graphics\5_Game\4_CourseSymbol\Shin.png)
2023/01/13 17:55:08.490 [WARNING] テクスチャファイルが見つかりませんでした。(C:\Users\Windows\Downloads\OpenTaiko-0.5.4\OpenTaiko-0.5.4\System\SimpleStyle\Graphics\5_Game\6_Taiko\Combo_Big.png)
2023/01/13 17:55:08.493 [WARNING] テクスチャファイルが見つかりませんでした。(C:\Users\Windows\Downloads\OpenTaiko-0.5.4\OpenTaiko-0.5.4\System\SimpleStyle\Graphics\5_Game\6_Taiko\Combo_Text.png)
2023/01/13 17:55:08.494 [WARNING] テクスチャファイルが見つかりませんでした。(C:\Users\Windows\Downloads\OpenTaiko-0.5.4\OpenTaiko-0.5.4\System\SimpleStyle\Graphics\5_Game\6_Taiko\Combo_Guide2.png)
2023/01/13 17:55:09.059 [WARNING] テクスチャファイルが見つかりませんでした。(C:\Users\Windows\Downloads\OpenTaiko-0.5.4\OpenTaiko-0.5.4\System\SimpleStyle\Graphics\5_Game\12_Lane\Clap.png)
2023/01/13 17:55:10.499 [WARNING] テクスチャファイルが見つかりませんでした。(C:\Users\Windows\Downloads\OpenTaiko-0.5.4\OpenTaiko-0.5.4\System\SimpleStyle\Graphics\5_Game\9_End\DondaFullCombo\loop_0.png)
2023/01/13 17:55:10.499 [WARNING] テクスチャファイルが見つかりませんでした。(C:\Users\Windows\Downloads\OpenTaiko-0.5.4\OpenTaiko-0.5.4\System\SimpleStyle\Graphics\5_Game\9_End\DondaFullCombo\loop_1.png)
2023/01/13 17:55:10.499 [WARNING] テクスチャファイルが見つかりませんでした。(C:\Users\Windows\Downloads\OpenTaiko-0.5.4\OpenTaiko-0.5.4\System\SimpleStyle\Graphics\5_Game\9_End\DondaFullCombo\loop_2.png)
2023/01/13 17:55:10.513 [WARNING] テクスチャファイルが見つかりませんでした。(C:\Users\Windows\Downloads\OpenTaiko-0.5.4\OpenTaiko-0.5.4\System\SimpleStyle\Graphics\5_Game\15_Failed\Game.png)
2023/01/13 17:55:10.514 [WARNING] テクスチャファイルが見つかりませんでした。(C:\Users\Windows\Downloads\OpenTaiko-0.5.4\OpenTaiko-0.5.4\System\SimpleStyle\Graphics\5_Game\15_Failed\Stage.png)
2023/01/13 17:55:10.514 [WARNING] テクスチャファイルが見つかりませんでした。(C:\Users\Windows\Downloads\OpenTaiko-0.5.4\OpenTaiko-0.5.4\System\SimpleStyle\Graphics\5_Game\16_Runner\0.png)
2023/01/13 17:55:10.579 [WARNING] テクスチャファイルが見つかりませんでした。(C:\Users\Windows\Downloads\OpenTaiko-0.5.4\OpenTaiko-0.5.4\System\SimpleStyle\Graphics\5_Game\17_DanC\ExamUnit.png)
2023/01/13 17:55:15.354 [WARNING] テクスチャファイルが見つかりませんでした。(C:\Users\Windows\Downloads\OpenTaiko-0.5.4\OpenTaiko-0.5.4\Global\Characters\0\Normal\0.png)
2023/01/13 17:55:16.481 [INFO] 起動ステージを非活性化します。
2023/01/13 17:55:16.487 [INFO]     起動ステージの非活性化を完了しました。
2023/01/13 17:55:16.487 [INFO] ----------------------
2023/01/13 17:55:16.487 [INFO] ■ タイトル
2023/01/13 17:55:16.488 [INFO] タイトルステージを活性化します。
2023/01/13 17:55:16.494 [INFO]     CSound.GroupLevel set: 90
2023/01/13 17:55:16.495 [INFO]     CSound.SetVolume: Gain:0. Automation Level: 0. Group Level: -0.915149811213502. Summed Gain: -0.915149811213502. Safe True Peak Gain: 0. Final Gain: -0.915149811213502.
2023/01/13 17:55:16.496 [INFO]     CSound.GroupLevel set: 90
2023/01/13 17:55:16.496 [INFO]     CSound.SetVolume: Gain:0. Automation Level: 0. Group Level: -0.915149811213502. Summed Gain: -0.915149811213502. Safe True Peak Gain: 0. Final Gain: -0.915149811213502.
2023/01/13 17:55:16.499 [INFO]     タイトルステージの活性化を完了しました。
2023/01/13 17:55:16.534 [INFO] ★曲データ検索スレッドを起動しました。
2023/01/13 17:55:16.537 [INFO] enum2) 曲データを検索します。
2023/01/13 17:55:16.538 [INFO]     検索パス: C:\Users\Windows\Downloads\OpenTaiko-0.5.4\OpenTaiko-0.5.4\.\
2023/01/13 17:55:16.740 [ERROR]         おや?エラーが出たようです。お兄様。 (C:\Users\Windows\Downloads\OpenTaiko-0.5.4\OpenTaiko-0.5.4\Songs\08 OpenTaiko Original\BassBoL - Copy\BassBoL.tja)
2023/01/13 17:55:16.746 [ERROR]         System.OverflowException: Value was either too large or too small for an Int32.
   at System.Number.ParseInt32(String s, NumberStyles style, NumberFormatInfo info)
   at System.Convert.ToInt32(String value)
   at TJAPlayer3.CDTX.ParseBalloon(String strCommandParam, List`1 listBalloon) in D:\Desktop\bak\Taiko Map Converter\Releases\OpenTaiko-0.5.4\TJAPlayer3\Songs\CDTX.cs:line 4902
2023/01/13 17:55:16.746 [ERROR]         例外が発生しましたが処理を継続します。 (95327158-4e83-4fa9-b5e9-ad3c3d4c2a22)
2023/01/13 17:55:16.747 [WARNING]         命令名: SCOREINIT first value のパラメータの値が正しくないことを検知しました。値: 51111111111111110 (C:\Users\Windows\Downloads\OpenTaiko-0.5.4\OpenTaiko-0.5.4\Songs\08 OpenTaiko Original\BassBoL - Copy\BassBoL.tja)
2023/01/13 17:55:16.747 [WARNING]         命令名: SCOREINIT first value のパラメータの値が正しくないことを検知しました。値: 111111111111111290 (C:\Users\Windows\Downloads\OpenTaiko-0.5.4\OpenTaiko-0.5.4\Songs\08 OpenTaiko Original\BassBoL - Copy\BassBoL.tja)
2023/01/13 17:55:16.748 [WARNING]         命令名: SCOREINIT first value のパラメータの値が正しくないことを検知しました。値: 211111111111111100 (C:\Users\Windows\Downloads\OpenTaiko-0.5.4\OpenTaiko-0.5.4\Songs\08 OpenTaiko Original\BassBoL - Copy\BassBoL.tja)
2023/01/13 17:55:16.750 [WARNING]         命令名: SCOREINIT first value のパラメータの値が正しくないことを検知しました。値: 211111111111111100 (C:\Users\Windows\Downloads\OpenTaiko-0.5.4\OpenTaiko-0.5.4\Songs\08 OpenTaiko Original\BassBoL - Copy\BassBoL.tja)
2023/01/13 17:55:16.862 [WARNING]         CDTXCompanionFileFinder could not find expected file 'C:\Users\Windows\Downloads\OpenTaiko-0.5.4\OpenTaiko-0.5.4\Songs\08 OpenTaiko Original\WTF\MooX - WTF.mp4' by any available means.
2023/01/13 17:55:16.987 [INFO]     曲データの検索を完了しました。[26曲26スコア]
2023/01/13 17:55:16.988 [INFO] 26, 0
2023/01/13 17:55:16.988 [INFO] enum4) songs.db になかった曲データ[26スコア]の情報をファイルから読み込んで反映します。
2023/01/13 17:55:17.086 [ERROR]     演奏記録ファイルの読み込みに失敗しました。[C:\Users\Windows\Downloads\OpenTaiko-0.5.4\OpenTaiko-0.5.4\Songs\07 Variety\彁\£Z.tja]
2023/01/13 17:55:17.087 [ERROR]     System.IndexOutOfRangeException: Index was outside the bounds of the array.
   at TJAPlayer3.CSongs管理.tScoreIniを読み込んで譜面情報を設定する(String strScoreIniファイルパス, Cスコア score) in D:\Desktop\bak\Taiko Map Converter\Releases\OpenTaiko-0.5.4\TJAPlayer3\Songs\CSong管理.cs:line 1847
2023/01/13 17:55:17.087 [ERROR]     例外が発生しましたが処理を継続します。 (801f823d-a952-4809-a1bb-cf6a56194f5c)
2023/01/13 17:55:17.123 [ERROR]     演奏記録ファイルの読み込みに失敗しました。[C:\Users\Windows\Downloads\OpenTaiko-0.5.4\OpenTaiko-0.5.4\Songs\07 Variety\彁\£Z.tja]
2023/01/13 17:55:17.124 [ERROR]     System.IndexOutOfRangeException: Index was outside the bounds of the array.
   at TJAPlayer3.CSongs管理.tScoreIniを読み込んで譜面情報を設定する(String strScoreIniファイルパス, Cスコア score) in D:\Desktop\bak\Taiko Map Converter\Releases\OpenTaiko-0.5.4\TJAPlayer3\Songs\CSong管理.cs:line 1847
2023/01/13 17:55:17.124 [ERROR]     例外が発生しましたが処理を継続します。 (801f823d-a952-4809-a1bb-cf6a56194f5c)
2023/01/13 17:55:17.159 [ERROR]     演奏記録ファイルの読み込みに失敗しました。[C:\Users\Windows\Downloads\OpenTaiko-0.5.4\OpenTaiko-0.5.4\Songs\07 Variety\彁\£Z.tja]
2023/01/13 17:55:17.160 [ERROR]     System.IndexOutOfRangeException: Index was outside the bounds of the array.
   at TJAPlayer3.CSongs管理.tScoreIniを読み込んで譜面情報を設定する(String strScoreIniファイルパス, Cスコア score) in D:\Desktop\bak\Taiko Map Converter\Releases\OpenTaiko-0.5.4\TJAPlayer3\Songs\CSong管理.cs:line 1847
2023/01/13 17:55:17.160 [ERROR]     例外が発生しましたが処理を継続します。 (801f823d-a952-4809-a1bb-cf6a56194f5c)
2023/01/13 17:55:17.195 [ERROR]     演奏記録ファイルの読み込みに失敗しました。[C:\Users\Windows\Downloads\OpenTaiko-0.5.4\OpenTaiko-0.5.4\Songs\07 Variety\彁\£Z.tja]
2023/01/13 17:55:17.195 [ERROR]     System.IndexOutOfRangeException: Index was outside the bounds of the array.
   at TJAPlayer3.CSongs管理.tScoreIniを読み込んで譜面情報を設定する(String strScoreIniファイルパス, Cスコア score) in D:\Desktop\bak\Taiko Map Converter\Releases\OpenTaiko-0.5.4\TJAPlayer3\Songs\CSong管理.cs:line 1847
2023/01/13 17:55:17.195 [ERROR]     例外が発生しましたが処理を継続します。 (801f823d-a952-4809-a1bb-cf6a56194f5c)
2023/01/13 17:55:17.233 [ERROR]     演奏記録ファイルの読み込みに失敗しました。[C:\Users\Windows\Downloads\OpenTaiko-0.5.4\OpenTaiko-0.5.4\Songs\07 Variety\彁\£Z.tja]
2023/01/13 17:55:17.234 [ERROR]     System.IndexOutOfRangeException: Index was outside the bounds of the array.
   at TJAPlayer3.CSongs管理.tScoreIniを読み込んで譜面情報を設定する(String strScoreIniファイルパス, Cスコア score) in D:\Desktop\bak\Taiko Map Converter\Releases\OpenTaiko-0.5.4\TJAPlayer3\Songs\CSong管理.cs:line 1847
2023/01/13 17:55:17.234 [ERROR]     例外が発生しましたが処理を継続します。 (801f823d-a952-4809-a1bb-cf6a56194f5c)
2023/01/13 17:55:17.309 [ERROR]     おや?エラーが出たようです。お兄様。 (C:\Users\Windows\Downloads\OpenTaiko-0.5.4\OpenTaiko-0.5.4\Songs\08 OpenTaiko Original\BassBoL - Copy\BassBoL.tja)
2023/01/13 17:55:17.309 [ERROR]     System.OverflowException: Value was either too large or too small for an Int32.
   at System.Number.ParseInt32(String s, NumberStyles style, NumberFormatInfo info)
   at System.Convert.ToInt32(String value)
   at TJAPlayer3.CDTX.ParseBalloon(String strCommandParam, List`1 listBalloon) in D:\Desktop\bak\Taiko Map Converter\Releases\OpenTaiko-0.5.4\TJAPlayer3\Songs\CDTX.cs:line 4902
2023/01/13 17:55:17.309 [ERROR]     例外が発生しましたが処理を継続します。 (95327158-4e83-4fa9-b5e9-ad3c3d4c2a22)
2023/01/13 17:55:17.310 [WARNING]     命令名: SCOREINIT first value のパラメータの値が正しくないことを検知しました。値: 51111111111111110 (C:\Users\Windows\Downloads\OpenTaiko-0.5.4\OpenTaiko-0.5.4\Songs\08 OpenTaiko Original\BassBoL - Copy\BassBoL.tja)
2023/01/13 17:55:17.310 [WARNING]     命令名: SCOREINIT first value のパラメータの値が正しくないことを検知しました。値: 111111111111111290 (C:\Users\Windows\Downloads\OpenTaiko-0.5.4\OpenTaiko-0.5.4\Songs\08 OpenTaiko Original\BassBoL - Copy\BassBoL.tja)
2023/01/13 17:55:17.310 [WARNING]     命令名: SCOREINIT first value のパラメータの値が正しくないことを検知しました。値: 211111111111111100 (C:\Users\Windows\Downloads\OpenTaiko-0.5.4\OpenTaiko-0.5.4\Songs\08 OpenTaiko Original\BassBoL - Copy\BassBoL.tja)
2023/01/13 17:55:17.312 [WARNING]     命令名: SCOREINIT first value のパラメータの値が正しくないことを検知しました。値: 211111111111111100 (C:\Users\Windows\Downloads\OpenTaiko-0.5.4\OpenTaiko-0.5.4\Songs\08 OpenTaiko Original\BassBoL - Copy\BassBoL.tja)
2023/01/13 17:55:17.332 [ERROR]     おや?エラーが出たようです。お兄様。 (C:\Users\Windows\Downloads\OpenTaiko-0.5.4\OpenTaiko-0.5.4\Songs\08 OpenTaiko Original\BassBoL - Copy\BassBoL.tja)
2023/01/13 17:55:17.333 [ERROR]     System.OverflowException: Value was either too large or too small for an Int32.
   at System.Number.ParseInt32(String s, NumberStyles style, NumberFormatInfo info)
   at System.Convert.ToInt32(String value)
   at TJAPlayer3.CDTX.ParseBalloon(String strCommandParam, List`1 listBalloon) in D:\Desktop\bak\Taiko Map Converter\Releases\OpenTaiko-0.5.4\TJAPlayer3\Songs\CDTX.cs:line 4902
2023/01/13 17:55:17.333 [ERROR]     例外が発生しましたが処理を継続します。 (95327158-4e83-4fa9-b5e9-ad3c3d4c2a22)
2023/01/13 17:55:17.333 [WARNING]     命令名: SCOREINIT first value のパラメータの値が正しくないことを検知しました。値: 51111111111111110 (C:\Users\Windows\Downloads\OpenTaiko-0.5.4\OpenTaiko-0.5.4\Songs\08 OpenTaiko Original\BassBoL - Copy\BassBoL.tja)
2023/01/13 17:55:17.333 [WARNING]     命令名: SCOREINIT first value のパラメータの値が正しくないことを検知しました。値: 111111111111111290 (C:\Users\Windows\Downloads\OpenTaiko-0.5.4\OpenTaiko-0.5.4\Songs\08 OpenTaiko Original\BassBoL - Copy\BassBoL.tja)
2023/01/13 17:55:17.334 [WARNING]     命令名: SCOREINIT first value のパラメータの値が正しくないことを検知しました。値: 211111111111111100 (C:\Users\Windows\Downloads\OpenTaiko-0.5.4\OpenTaiko-0.5.4\Songs\08 OpenTaiko Original\BassBoL - Copy\BassBoL.tja)
2023/01/13 17:55:17.336 [WARNING]     命令名: SCOREINIT first value のパラメータの値が正しくないことを検知しました。値: 211111111111111100 (C:\Users\Windows\Downloads\OpenTaiko-0.5.4\OpenTaiko-0.5.4\Songs\08 OpenTaiko Original\BassBoL - Copy\BassBoL.tja)
2023/01/13 17:55:17.356 [ERROR]     おや?エラーが出たようです。お兄様。 (C:\Users\Windows\Downloads\OpenTaiko-0.5.4\OpenTaiko-0.5.4\Songs\08 OpenTaiko Original\BassBoL - Copy\BassBoL.tja)
2023/01/13 17:55:17.357 [ERROR]     System.OverflowException: Value was either too large or too small for an Int32.
   at System.Number.ParseInt32(String s, NumberStyles style, NumberFormatInfo info)
   at System.Convert.ToInt32(String value)
   at TJAPlayer3.CDTX.ParseBalloon(String strCommandParam, List`1 listBalloon) in D:\Desktop\bak\Taiko Map Converter\Releases\OpenTaiko-0.5.4\TJAPlayer3\Songs\CDTX.cs:line 4902
2023/01/13 17:55:17.357 [ERROR]     例外が発生しましたが処理を継続します。 (95327158-4e83-4fa9-b5e9-ad3c3d4c2a22)
2023/01/13 17:55:17.357 [WARNING]     命令名: SCOREINIT first value のパラメータの値が正しくないことを検知しました。値: 51111111111111110 (C:\Users\Windows\Downloads\OpenTaiko-0.5.4\OpenTaiko-0.5.4\Songs\08 OpenTaiko Original\BassBoL - Copy\BassBoL.tja)
2023/01/13 17:55:17.357 [WARNING]     命令名: SCOREINIT first value のパラメータの値が正しくないことを検知しました。値: 111111111111111290 (C:\Users\Windows\Downloads\OpenTaiko-0.5.4\OpenTaiko-0.5.4\Songs\08 OpenTaiko Original\BassBoL - Copy\BassBoL.tja)
2023/01/13 17:55:17.358 [WARNING]     命令名: SCOREINIT first value のパラメータの値が正しくないことを検知しました。値: 211111111111111100 (C:\Users\Windows\Downloads\OpenTaiko-0.5.4\OpenTaiko-0.5.4\Songs\08 OpenTaiko Original\BassBoL - Copy\BassBoL.tja)
2023/01/13 17:55:17.360 [WARNING]     命令名: SCOREINIT first value のパラメータの値が正しくないことを検知しました。値: 211111111111111100 (C:\Users\Windows\Downloads\OpenTaiko-0.5.4\OpenTaiko-0.5.4\Songs\08 OpenTaiko Original\BassBoL - Copy\BassBoL.tja)
2023/01/13 17:55:17.382 [ERROR]     おや?エラーが出たようです。お兄様。 (C:\Users\Windows\Downloads\OpenTaiko-0.5.4\OpenTaiko-0.5.4\Songs\08 OpenTaiko Original\BassBoL - Copy\BassBoL.tja)
2023/01/13 17:55:17.382 [ERROR]     System.OverflowException: Value was either too large or too small for an Int32.
   at System.Number.ParseInt32(String s, NumberStyles style, NumberFormatInfo info)
   at System.Convert.ToInt32(String value)
   at TJAPlayer3.CDTX.ParseBalloon(String strCommandParam, List`1 listBalloon) in D:\Desktop\bak\Taiko Map Converter\Releases\OpenTaiko-0.5.4\TJAPlayer3\Songs\CDTX.cs:line 4902
2023/01/13 17:55:17.382 [ERROR]     例外が発生しましたが処理を継続します。 (95327158-4e83-4fa9-b5e9-ad3c3d4c2a22)
2023/01/13 17:55:17.383 [WARNING]     命令名: SCOREINIT first value のパラメータの値が正しくないことを検知しました。値: 51111111111111110 (C:\Users\Windows\Downloads\OpenTaiko-0.5.4\OpenTaiko-0.5.4\Songs\08 OpenTaiko Original\BassBoL - Copy\BassBoL.tja)
2023/01/13 17:55:17.383 [WARNING]     命令名: SCOREINIT first value のパラメータの値が正しくないことを検知しました。値: 111111111111111290 (C:\Users\Windows\Downloads\OpenTaiko-0.5.4\OpenTaiko-0.5.4\Songs\08 OpenTaiko Original\BassBoL - Copy\BassBoL.tja)
2023/01/13 17:55:17.384 [WARNING]     命令名: SCOREINIT first value のパラメータの値が正しくないことを検知しました。値: 211111111111111100 (C:\Users\Windows\Downloads\OpenTaiko-0.5.4\OpenTaiko-0.5.4\Songs\08 OpenTaiko Original\BassBoL - Copy\BassBoL.tja)
2023/01/13 17:55:17.386 [WARNING]     命令名: SCOREINIT first value のパラメータの値が正しくないことを検知しました。値: 211111111111111100 (C:\Users\Windows\Downloads\OpenTaiko-0.5.4\OpenTaiko-0.5.4\Songs\08 OpenTaiko Original\BassBoL - Copy\BassBoL.tja)
2023/01/13 17:55:17.611 [ERROR]     演奏記録ファイルの読み込みに失敗しました。[C:\Users\Windows\Downloads\OpenTaiko-0.5.4\OpenTaiko-0.5.4\Songs\08 OpenTaiko Original\Halcyon\Halcyon.tja]
2023/01/13 17:55:17.611 [ERROR]     System.IndexOutOfRangeException: Index was outside the bounds of the array.
   at TJAPlayer3.CSongs管理.tScoreIniを読み込んで譜面情報を設定する(String strScoreIniファイルパス, Cスコア score) in D:\Desktop\bak\Taiko Map Converter\Releases\OpenTaiko-0.5.4\TJAPlayer3\Songs\CSong管理.cs:line 1847
2023/01/13 17:55:17.611 [ERROR]     例外が発生しましたが処理を継続します。 (801f823d-a952-4809-a1bb-cf6a56194f5c)
2023/01/13 17:55:17.616 [ERROR]     演奏記録ファイルの読み込みに失敗しました。[C:\Users\Windows\Downloads\OpenTaiko-0.5.4\OpenTaiko-0.5.4\Songs\08 OpenTaiko Original\Halcyon\Halcyon.tja]
2023/01/13 17:55:17.617 [ERROR]     System.IndexOutOfRangeException: Index was outside the bounds of the array.
   at TJAPlayer3.CSongs管理.tScoreIniを読み込んで譜面情報を設定する(String strScoreIniファイルパス, Cスコア score) in D:\Desktop\bak\Taiko Map Converter\Releases\OpenTaiko-0.5.4\TJAPlayer3\Songs\CSong管理.cs:line 1847
2023/01/13 17:55:17.617 [ERROR]     例外が発生しましたが処理を継続します。 (801f823d-a952-4809-a1bb-cf6a56194f5c)
2023/01/13 17:55:17.622 [ERROR]     演奏記録ファイルの読み込みに失敗しました。[C:\Users\Windows\Downloads\OpenTaiko-0.5.4\OpenTaiko-0.5.4\Songs\08 OpenTaiko Original\Halcyon\Halcyon.tja]
2023/01/13 17:55:17.622 [ERROR]     System.IndexOutOfRangeException: Index was outside the bounds of the array.
   at TJAPlayer3.CSongs管理.tScoreIniを読み込んで譜面情報を設定する(String strScoreIniファイルパス, Cスコア score) in D:\Desktop\bak\Taiko Map Converter\Releases\OpenTaiko-0.5.4\TJAPlayer3\Songs\CSong管理.cs:line 1847
2023/01/13 17:55:17.622 [ERROR]     例外が発生しましたが処理を継続します。 (801f823d-a952-4809-a1bb-cf6a56194f5c)
2023/01/13 17:55:17.627 [ERROR]     演奏記録ファイルの読み込みに失敗しました。[C:\Users\Windows\Downloads\OpenTaiko-0.5.4\OpenTaiko-0.5.4\Songs\08 OpenTaiko Original\Halcyon\Halcyon.tja]
2023/01/13 17:55:17.627 [ERROR]     System.IndexOutOfRangeException: Index was outside the bounds of the array.
   at TJAPlayer3.CSongs管理.tScoreIniを読み込んで譜面情報を設定する(String strScoreIniファイルパス, Cスコア score) in D:\Desktop\bak\Taiko Map Converter\Releases\OpenTaiko-0.5.4\TJAPlayer3\Songs\CSong管理.cs:line 1847
2023/01/13 17:55:17.627 [ERROR]     例外が発生しましたが処理を継続します。 (801f823d-a952-4809-a1bb-cf6a56194f5c)
2023/01/13 17:55:17.733 [WARNING]     CDTXCompanionFileFinder could not find expected file 'C:\Users\Windows\Downloads\OpenTaiko-0.5.4\OpenTaiko-0.5.4\Songs\08 OpenTaiko Original\WTF\MooX - WTF.mp4' by any available means.
2023/01/13 17:55:17.737 [WARNING]     CDTXCompanionFileFinder could not find expected file 'C:\Users\Windows\Downloads\OpenTaiko-0.5.4\OpenTaiko-0.5.4\Songs\08 OpenTaiko Original\WTF\MooX - WTF.mp4' by any available means.
2023/01/13 17:55:17.740 [WARNING]     CDTXCompanionFileFinder could not find expected file 'C:\Users\Windows\Downloads\OpenTaiko-0.5.4\OpenTaiko-0.5.4\Songs\08 OpenTaiko Original\WTF\MooX - WTF.mp4' by any available means.
2023/01/13 17:55:17.742 [WARNING]     CDTXCompanionFileFinder could not find expected file 'C:\Users\Windows\Downloads\OpenTaiko-0.5.4\OpenTaiko-0.5.4\Songs\08 OpenTaiko Original\WTF\MooX - WTF.mp4' by any available means.
2023/01/13 17:55:17.745 [WARNING]     CDTXCompanionFileFinder could not find expected file 'C:\Users\Windows\Downloads\OpenTaiko-0.5.4\OpenTaiko-0.5.4\Songs\08 OpenTaiko Original\WTF\MooX - WTF.mp4' by any available means.
2023/01/13 17:55:17.795 [ERROR]     演奏記録ファイルの読み込みに失敗しました。[C:\Users\Windows\Downloads\OpenTaiko-0.5.4\OpenTaiko-0.5.4\Songs\S1 Dan-i Dojo\例段\ReiDan.tja]
2023/01/13 17:55:17.796 [ERROR]     System.IndexOutOfRangeException: Index was outside the bounds of the array.
   at TJAPlayer3.CSongs管理.tScoreIniを読み込んで譜面情報を設定する(String strScoreIniファイルパス, Cスコア score) in D:\Desktop\bak\Taiko Map Converter\Releases\OpenTaiko-0.5.4\TJAPlayer3\Songs\CSong管理.cs:line 1847
2023/01/13 17:55:17.796 [ERROR]     例外が発生しましたが処理を継続します。 (801f823d-a952-4809-a1bb-cf6a56194f5c)
2023/01/13 17:55:17.823 [INFO]     曲データへの反映を完了しました。[107/26スコア]
2023/01/13 17:55:17.823 [INFO] enum5) 曲リストへの後処理を適用します。
2023/01/13 17:55:17.830 [INFO]     曲リストへの後処理を完了しました。
2023/01/13 17:55:17.830 [INFO] enum7) 曲データの情報を songlist.db へ出力します。
2023/01/13 17:55:17.837 [ERROR]     System.Runtime.Serialization.SerializationException: Type 'TJAPlayer3.Dan_C' in Assembly 'OpenTaiko, Version=0.5.4.0, Culture=neutral, PublicKeyToken=null' is not marked as serializable.
   at System.Runtime.Serialization.FormatterServices.InternalGetSerializableMembers(RuntimeType type)
   at System.Runtime.Serialization.FormatterServices.<>c__DisplayClass9_0.<GetSerializableMembers>b__0(MemberHolder _)
   at System.Collections.Concurrent.ConcurrentDictionary`2.GetOrAdd(TKey key, Func`2 valueFactory)
   at System.Runtime.Serialization.FormatterServices.GetSerializableMembers(Type type, StreamingContext context)
   at System.Runtime.Serialization.Formatters.Binary.WriteObjectInfo.InitMemberInfo()
   at System.Runtime.Serialization.Formatters.Binary.WriteObjectInfo.InitSerialize(Type objectType, ISurrogateSelector surrogateSelector, StreamingContext context, SerObjectInfoInit serObjectInfoInit, IFormatterConverter converter, SerializationBinder binder)
   at System.Runtime.Serialization.Formatters.Binary.ObjectWriter.WriteArray(WriteObjectInfo objectInfo, NameInfo memberNameInfo, WriteObjectInfo memberObjectInfo)
   at System.Runtime.Serialization.Formatters.Binary.ObjectWriter.Write(WriteObjectInfo objectInfo, NameInfo memberNameInfo, NameInfo typeNameInfo)
   at System.Runtime.Serialization.Formatters.Binary.ObjectWriter.Serialize(Object graph, Header[] inHeaders, __BinaryWriter serWriter, Boolean fCheck)
   at System.Runtime.Serialization.Formatters.Binary.BinaryFormatter.Serialize(Stream serializationStream, Object graph, Header[] headers, Boolean fCheck)
   at System.Runtime.Serialization.Formatters.Binary.BinaryFormatter.Serialize(Stream serializationStream, Object graph)
   at TJAPlayer3.CEnumSongs.SerializeSongList(CSongs管理 cs, String strPathSongList) in D:\Desktop\bak\Taiko Map Converter\Releases\OpenTaiko-0.5.4\TJAPlayer3\Stages\02.Title\CEnumSongs.cs:line 521
2023/01/13 17:55:17.837 [ERROR]     例外が発生しましたが処理を継続します。 (9ad477a4-d922-412c-b87d-e3a49a608e92)
2023/01/13 17:55:17.838 [INFO]     songlist.db への出力を完了しました。
2023/01/13 17:55:17.838 [INFO] 曲探索所要時間: 00:00:01.3020517
2023/01/13 17:55:22.482 [WARNING] ファイルが存在しません。: C:\Users\Windows\Downloads\OpenTaiko-0.5.4\OpenTaiko-0.5.4\Global\Characters\Original Don-chan\Sounds\Title\Sanka.wav
2023/01/13 17:55:26.718 [INFO] タイトルステージを非活性化します。
2023/01/13 17:55:26.718 [INFO]     タイトルステージの非活性化を完了しました。
2023/01/13 17:55:26.720 [INFO] ----------------------
2023/01/13 17:55:26.720 [INFO] ■ Taiko Heya
2023/01/13 17:55:26.780 [INFO] CSound.GroupLevel set: 90
2023/01/13 17:55:26.780 [INFO] CSound.SetVolume: Gain:0. Automation Level: 0. Group Level: -0.915149811213502. Summed Gain: -0.915149811213502. Safe True Peak Gain: 0. Final Gain: -0.915149811213502.
2023/01/13 17:55:26.782 [INFO] CSound.GroupLevel set: 90
2023/01/13 17:55:26.782 [INFO] CSound.SetVolume: Gain:0. Automation Level: 0. Group Level: -0.915149811213502. Summed Gain: -0.915149811213502. Safe True Peak Gain: 0. Final Gain: -0.915149811213502.
2023/01/13 17:55:58.100 [INFO] ----------------------
2023/01/13 17:55:58.101 [INFO] ■ タイトル
2023/01/13 17:55:58.101 [INFO] タイトルステージを活性化します。
2023/01/13 17:55:58.102 [INFO]     タイトルステージの活性化を完了しました。
2023/01/13 17:56:02.766 [INFO] タイトルステージを非活性化します。
2023/01/13 17:56:02.766 [INFO]     タイトルステージの非活性化を完了しました。
2023/01/13 17:56:02.767 [INFO] ----------------------
2023/01/13 17:56:02.767 [INFO] ■ Open Encyclopedia
2023/01/13 17:56:02.769 [WARNING] ファイルが存在しません。: Sounds\Encyclopedia\BGM.ogg
2023/01/13 17:56:15.049 [INFO] ----------------------
2023/01/13 17:56:15.050 [INFO] ■ アプリケーションの終了
2023/01/13 17:56:15.050 [INFO] 曲検索actの終了処理を行います。
2023/01/13 17:56:15.050 [INFO]     曲検索actの終了処理を完了しました。
2023/01/13 17:56:15.051 [INFO] 現在のステージを終了します。
2023/01/13 17:56:15.052 [INFO]     現在のステージの終了処理を完了しました。
2023/01/13 17:56:15.053 [INFO] [Discord] Shutdowned.
2023/01/13 17:56:15.054 [INFO] 曲リストの終了処理を行います。
2023/01/13 17:56:15.054 [INFO]     曲リストの終了処理を完了しました。
2023/01/13 17:56:15.247 [INFO] スキンの終了処理を行います。
2023/01/13 17:56:15.252 [INFO]     スキンの終了処理を完了しました。
2023/01/13 17:56:15.252 [INFO] DirectSound の終了処理を行います。
2023/01/13 17:56:15.276 [INFO]     DirectSound の終了処理を完了しました。
2023/01/13 17:56:15.276 [INFO] パッドの終了処理を行います。
2023/01/13 17:56:15.277 [INFO]     パッドの終了処理を完了しました。
2023/01/13 17:56:15.277 [INFO] DirectInput, MIDI入力の終了処理を行います。
2023/01/13 17:56:15.278 [INFO]     DirectInput, MIDI入力の終了処理を完了しました。
2023/01/13 17:56:15.278 [INFO] 文字コンソールの終了処理を行います。
2023/01/13 17:56:15.279 [INFO]     文字コンソールの終了処理を完了しました。
2023/01/13 17:56:15.279 [INFO] FPSカウンタの終了処理を行います。
2023/01/13 17:56:15.279 [INFO]     FPSカウンタの終了処理を完了しました。
2023/01/13 17:56:15.279 [INFO] タイマの終了処理を行います。
2023/01/13 17:56:15.280 [INFO]     タイマの終了処理を完了しました。
2023/01/13 17:56:15.280 [INFO] Config.ini を出力します。
2023/01/13 17:56:15.293 [INFO]     保存しました。(C:\Users\Windows\Downloads\OpenTaiko-0.5.4\OpenTaiko-0.5.4\Config.ini)
2023/01/13 17:56:15.293 [INFO] Deinitializing loudness scanning, song gain control, and sound group level control...
2023/01/13 17:56:15.293 [INFO] Deinitialized loudness scanning, song gain control, and sound group level control.
2023/01/13 17:56:15.294 [INFO] アプリケーションの終了処理を完了しました。

遊んでくれてありがとう！
